-------------------------------------------------------------------------------
Test set: stepdefinition.Testrunner
-------------------------------------------------------------------------------
Tests run: 1, Failures: 1, Errors: 0, Skipped: 0, Time elapsed: 0.867 s <<< FAILURE! -- in stepdefinition.Testrunner
stepdefinition.Testrunner.runScenario["", "Unknown"](1) -- Time elapsed: 0.083 s <<< FAILURE!
io.cucumber.testng.UndefinedStepException: 
The step 'browser is open' and 3 other step(s) are undefined.
You can implement these steps using the snippet(s) below:

@Given("browser is open")
public void browser_is_open() {
    // Write code here that turns the phrase above into concrete actions
    throw new io.cucumber.java.PendingException();
}
@Given("user is on google search page")
public void user_is_on_google_search_page() {
    // Write code here that turns the phrase above into concrete actions
    throw new io.cucumber.java.PendingException();
}
@When("user enter a text in search box")
public void user_enter_a_text_in_search_box() {
    // Write code here that turns the phrase above into concrete actions
    throw new io.cucumber.java.PendingException();
}
@Then("user is navigated to search result")
public void user_is_navigated_to_search_result() {
    // Write code here that turns the phrase above into concrete actions
    throw new io.cucumber.java.PendingException();
}

	at âœ½.browser is open(file:///home/labuser/eclipse/BDD1/src/test/resources/feature/google.feature:5)

